<?xml version="1.0" encoding="UTF-8"?>
<!-- Generated by org.testng.reporters.JUnitXMLReporter -->
<testsuite ignored="0" hostname="X-IN-473BJR3" failures="0" tests="3" name="Submit Order Test" time="17.012" errors="0" timestamp="2024-10-23T21:16:01 IST">
  <testcase classname="learning.tests.SubmitOrderTest" name="SubmitOrder" time="3.099"/>
  <testcase classname="learning.tests.SubmitOrderTest" name="SubmitOrder" time="3.04"/>
  <testcase classname="learning.tests.SubmitOrderTest" name="OrderHistoryTest" time="0.592"/>
</testsuite> <!-- Submit Order Test -->
