<?xml version="1.0" encoding="UTF-8"?>
<!-- Generated by org.testng.reporters.JUnitXMLReporter -->
<testsuite ignored="1" hostname="X-IN-473BJR3" failures="0" tests="2" name="Submit Order Test" time="13.464" errors="0" timestamp="2024-10-26T14:19:52 IST">
  <testcase classname="learning.tests.SubmitOrderTest" name="SubmitOrder" time="2.84"/>
  <testcase classname="learning.tests.SubmitOrderTest" name="SubmitOrder" time="2.993"/>
  <testcase classname="learning.tests.SubmitOrderTest" name="OrderHistoryTest" time="0.0">
    <ignored/>
  </testcase> <!-- OrderHistoryTest -->
</testsuite> <!-- Submit Order Test -->
